# JRE version: Java(TM) SE Runtime Environment (11.0.2+9) (build 11.0.2+9-LTS)
# Java VM: Java HotSpot(TM) 64-Bit Server VM (11.0.2+9-LTS, mixed mode, tiered, compressed oops, g1 gc, windows-amd64)
Heap:
 garbage-first heap   total 212992K, used 164744K [0x00000000c0000000, 0x0000000100000000)
  region size 1024K, 66 young (67584K), 1 survivors (1024K)
 Metaspace       used 173696K, capacity 185058K, committed 185240K, reserved 1208320K
  class space    used 22292K, capacity 27334K, committed 27428K, reserved 1048576K
GC Heap History (10 events):
Event: 5462.169 GC heap before
{Heap before GC invocations=469 (full 0):
 garbage-first heap   total 212992K, used 105444K [0x00000000c0000000, 0x0000000100000000)
  region size 1024K, 11 young (11264K), 10 survivors (10240K)
 Metaspace       used 173607K, capacity 184983K, committed 185240K, reserved 1208320K
  class space    used 22282K, capacity 27318K, committed 27428K, reserved 1048576K
}
Event: 5462.197 GC heap after
{Heap after GC invocations=470 (full 0):
 garbage-first heap   total 212992K, used 105384K [0x00000000c0000000, 0x0000000100000000)
  region size 1024K, 2 young (2048K), 2 survivors (2048K)
 Metaspace       used 173607K, capacity 184983K, committed 185240K, reserved 1208320K
  class space    used 22282K, capacity 27318K, committed 27428K, reserved 1048576K
}
Event: 5500.242 GC heap before
{Heap before GC invocations=470 (full 0):
 garbage-first heap   total 212992K, used 158632K [0x00000000c0000000, 0x0000000100000000)
  region size 1024K, 55 young (56320K), 2 survivors (2048K)
 Metaspace       used 173644K, capacity 185007K, committed 185240K, reserved 1208320K
  class space    used 22282K, capacity 27318K, committed 27428K, reserved 1048576K
}
Event: 5500.246 GC heap after
{Heap after GC invocations=471 (full 0):
 garbage-first heap   total 212992K, used 105064K [0x00000000c0000000, 0x0000000100000000)
  region size 1024K, 1 young (1024K), 1 survivors (1024K)
 Metaspace       used 173644K, capacity 185007K, committed 185240K, reserved 1208320K
  class space    used 22282K, capacity 27318K, committed 27428K, reserved 1048576K
}
Event: 5513.629 GC heap before
{Heap before GC invocations=472 (full 0):
 garbage-first heap   total 212992K, used 166504K [0x00000000c0000000, 0x0000000100000000)
  region size 1024K, 65 young (66560K), 1 survivors (1024K)
 Metaspace       used 173656K, capacity 185021K, committed 185240K, reserved 1208320K
  class space    used 22282K, capacity 27318K, committed 27428K, reserved 1048576K
}
Event: 5513.637 GC heap after
{Heap after GC invocations=473 (full 0):
 garbage-first heap   total 212992K, used 111535K [0x00000000c0000000, 0x0000000100000000)
  region size 1024K, 9 young (9216K), 9 survivors (9216K)
 Metaspace       used 173656K, capacity 185021K, committed 185240K, reserved 1208320K
  class space    used 22282K, capacity 27318K, committed 27428K, reserved 1048576K
}
Event: 5513.662 GC heap before
{Heap before GC invocations=473 (full 0):
 garbage-first heap   total 212992K, used 112559K [0x00000000c0000000, 0x0000000100000000)
  region size 1024K, 10 young (10240K), 9 survivors (9216K)
 Metaspace       used 173656K, capacity 185021K, committed 185240K, reserved 1208320K
  class space    used 22282K, capacity 27318K, committed 27428K, reserved 1048576K
}
Event: 5513.677 GC heap after
{Heap after GC invocations=474 (full 0):
 garbage-first heap   total 212992K, used 101476K [0x00000000c0000000, 0x0000000100000000)
  region size 1024K, 1 young (1024K), 1 survivors (1024K)
 Metaspace       used 173656K, capacity 185021K, committed 185240K, reserved 1208320K
  class space    used 22282K, capacity 27318K, committed 27428K, reserved 1048576K
}
Event: 5516.631 GC heap before
{Heap before GC invocations=474 (full 0):
 garbage-first heap   total 212992K, used 102500K [0x00000000c0000000, 0x0000000100000000)
  region size 1024K, 3 young (3072K), 1 survivors (1024K)
 Metaspace       used 173656K, capacity 185021K, committed 185240K, reserved 1208320K
  class space    used 22282K, capacity 27318K, committed 27428K, reserved 1048576K
}
Event: 5516.647 GC heap after
{Heap after GC invocations=475 (full 0):
 garbage-first heap   total 212992K, used 101256K [0x00000000c0000000, 0x0000000100000000)
  region size 1024K, 1 young (1024K), 1 survivors (1024K)
 Metaspace       used 173656K, capacity 185021K, committed 185240K, reserved 1208320K
  class space    used 22282K, capacity 27318K, committed 27428K, reserved 1048576K
}

